c:\users\andrei_gordeev\source\repos\monsters\monsters\debug\vc142.pdb
c:\users\andrei_gordeev\source\repos\monsters\monsters\debug\vc142.idb
c:\users\andrei_gordeev\source\repos\monsters\monsters\debug\fists.obj
c:\users\andrei_gordeev\source\repos\monsters\monsters\debug\abstractweapon.obj
c:\users\andrei_gordeev\source\repos\monsters\monsters\debug\satyr.obj
c:\users\andrei_gordeev\source\repos\monsters\monsters\debug\abstractmonster.obj
c:\users\andrei_gordeev\source\repos\monsters\monsters\debug\player.obj
c:\users\andrei_gordeev\source\repos\monsters\monsters\debug\window.obj
c:\users\andrei_gordeev\source\repos\monsters\monsters\debug\mapcell.obj
c:\users\andrei_gordeev\source\repos\monsters\monsters\debug\map.obj
c:\users\andrei_gordeev\source\repos\monsters\monsters\debug\app.obj
c:\users\andrei_gordeev\source\repos\monsters\monsters\debug\sword.obj
c:\users\andrei_gordeev\source\repos\monsters\monsters\debug\basemonster.obj
c:\users\andrei_gordeev\source\repos\monsters\monsters\debug\baseweapon.obj
c:\users\andrei_gordeev\source\repos\monsters\monsters\debug\fiend.obj
c:\users\andrei_gordeev\source\repos\monsters\debug\monsters.exe
c:\users\andrei_gordeev\source\repos\monsters\debug\monsters.ilk
c:\users\andrei_gordeev\source\repos\monsters\debug\monsters.pdb
c:\users\andrei_gordeev\source\repos\monsters\monsters\debug\monsters.tlog\cl.command.1.tlog
c:\users\andrei_gordeev\source\repos\monsters\monsters\debug\monsters.tlog\cl.read.1.tlog
c:\users\andrei_gordeev\source\repos\monsters\monsters\debug\monsters.tlog\cl.write.1.tlog
c:\users\andrei_gordeev\source\repos\monsters\monsters\debug\monsters.tlog\link.command.1.tlog
c:\users\andrei_gordeev\source\repos\monsters\monsters\debug\monsters.tlog\link.read.1.tlog
c:\users\andrei_gordeev\source\repos\monsters\monsters\debug\monsters.tlog\link.write.1.tlog
